ERROR 2016-03-12 17:09:20,919 base 8012 8352 Internal Server Error: /admin/photos/photo/
Traceback (most recent call last):
  File "C:\Users\Home\helloworld\hwenv\lib\site-packages\django\db\backends\utils.py", line 64, in execute
    return self.cursor.execute(sql, params)
  File "C:\Users\Home\helloworld\hwenv\lib\site-packages\django\db\backends\sqlite3\base.py", line 323, in execute
    return Database.Cursor.execute(self, query, params)
sqlite3.OperationalError: no such table: photos_photo

The above exception was the direct cause of the following exception:

Traceback (most recent call last):
  File "C:\Users\Home\helloworld\hwenv\lib\site-packages\django\core\handlers\base.py", line 149, in get_response
    response = self.process_exception_by_middleware(e, request)
  File "C:\Users\Home\helloworld\hwenv\lib\site-packages\django\core\handlers\base.py", line 147, in get_response
    response = wrapped_callback(request, *callback_args, **callback_kwargs)
  File "C:\Users\Home\helloworld\hwenv\lib\site-packages\django\contrib\admin\options.py", line 541, in wrapper
    return self.admin_site.admin_view(view)(*args, **kwargs)
  File "C:\Users\Home\helloworld\hwenv\lib\site-packages\django\utils\decorators.py", line 149, in _wrapped_view
    response = view_func(request, *args, **kwargs)
  File "C:\Users\Home\helloworld\hwenv\lib\site-packages\django\views\decorators\cache.py", line 57, in _wrapped_view_func
    response = view_func(request, *args, **kwargs)
  File "C:\Users\Home\helloworld\hwenv\lib\site-packages\django\contrib\admin\sites.py", line 244, in inner
    return view(request, *args, **kwargs)
  File "C:\Users\Home\helloworld\hwenv\lib\site-packages\django\utils\decorators.py", line 67, in _wrapper
    return bound_func(*args, **kwargs)
  File "C:\Users\Home\helloworld\hwenv\lib\site-packages\django\utils\decorators.py", line 149, in _wrapped_view
    response = view_func(request, *args, **kwargs)
  File "C:\Users\Home\helloworld\hwenv\lib\site-packages\django\utils\decorators.py", line 63, in bound_func
    return func.__get__(self, type(self))(*args2, **kwargs2)
  File "C:\Users\Home\helloworld\hwenv\lib\site-packages\django\contrib\admin\options.py", line 1470, in changelist_view
    self.list_max_show_all, self.list_editable, self)
  File "C:\Users\Home\helloworld\hwenv\lib\site-packages\django\contrib\admin\views\main.py", line 79, in __init__
    self.get_results(request)
  File "C:\Users\Home\helloworld\hwenv\lib\site-packages\django\contrib\admin\views\main.py", line 174, in get_results
    result_count = paginator.count
  File "C:\Users\Home\helloworld\hwenv\lib\site-packages\django\core\paginator.py", line 72, in _get_count
    self._count = self.object_list.count()
  File "C:\Users\Home\helloworld\hwenv\lib\site-packages\django\db\models\query.py", line 371, in count
    return self.query.get_count(using=self.db)
  File "C:\Users\Home\helloworld\hwenv\lib\site-packages\django\db\models\sql\query.py", line 483, in get_count
    number = obj.get_aggregation(using, ['__count'])['__count']
  File "C:\Users\Home\helloworld\hwenv\lib\site-packages\django\db\models\sql\query.py", line 464, in get_aggregation
    result = compiler.execute_sql(SINGLE)
  File "C:\Users\Home\helloworld\hwenv\lib\site-packages\django\db\models\sql\compiler.py", line 848, in execute_sql
    cursor.execute(sql, params)
  File "C:\Users\Home\helloworld\hwenv\lib\site-packages\django\db\backends\utils.py", line 79, in execute
    return super(CursorDebugWrapper, self).execute(sql, params)
  File "C:\Users\Home\helloworld\hwenv\lib\site-packages\django\db\backends\utils.py", line 64, in execute
    return self.cursor.execute(sql, params)
  File "C:\Users\Home\helloworld\hwenv\lib\site-packages\django\db\utils.py", line 95, in __exit__
    six.reraise(dj_exc_type, dj_exc_value, traceback)
  File "C:\Users\Home\helloworld\hwenv\lib\site-packages\django\utils\six.py", line 685, in reraise
    raise value.with_traceback(tb)
  File "C:\Users\Home\helloworld\hwenv\lib\site-packages\django\db\backends\utils.py", line 64, in execute
    return self.cursor.execute(sql, params)
  File "C:\Users\Home\helloworld\hwenv\lib\site-packages\django\db\backends\sqlite3\base.py", line 323, in execute
    return Database.Cursor.execute(self, query, params)
django.db.utils.OperationalError: no such table: photos_photo
ERROR 2016-03-12 17:10:49,306 base 8932 8584 Internal Server Error: /admin/photos/photo/
Traceback (most recent call last):
  File "C:\Users\Home\helloworld\hwenv\lib\site-packages\django\db\backends\utils.py", line 64, in execute
    return self.cursor.execute(sql, params)
  File "C:\Users\Home\helloworld\hwenv\lib\site-packages\django\db\backends\sqlite3\base.py", line 323, in execute
    return Database.Cursor.execute(self, query, params)
sqlite3.OperationalError: no such table: photos_photo

The above exception was the direct cause of the following exception:

Traceback (most recent call last):
  File "C:\Users\Home\helloworld\hwenv\lib\site-packages\django\core\handlers\base.py", line 149, in get_response
    response = self.process_exception_by_middleware(e, request)
  File "C:\Users\Home\helloworld\hwenv\lib\site-packages\django\core\handlers\base.py", line 147, in get_response
    response = wrapped_callback(request, *callback_args, **callback_kwargs)
  File "C:\Users\Home\helloworld\hwenv\lib\site-packages\django\contrib\admin\options.py", line 541, in wrapper
    return self.admin_site.admin_view(view)(*args, **kwargs)
  File "C:\Users\Home\helloworld\hwenv\lib\site-packages\django\utils\decorators.py", line 149, in _wrapped_view
    response = view_func(request, *args, **kwargs)
  File "C:\Users\Home\helloworld\hwenv\lib\site-packages\django\views\decorators\cache.py", line 57, in _wrapped_view_func
    response = view_func(request, *args, **kwargs)
  File "C:\Users\Home\helloworld\hwenv\lib\site-packages\django\contrib\admin\sites.py", line 244, in inner
    return view(request, *args, **kwargs)
  File "C:\Users\Home\helloworld\hwenv\lib\site-packages\django\utils\decorators.py", line 67, in _wrapper
    return bound_func(*args, **kwargs)
  File "C:\Users\Home\helloworld\hwenv\lib\site-packages\django\utils\decorators.py", line 149, in _wrapped_view
    response = view_func(request, *args, **kwargs)
  File "C:\Users\Home\helloworld\hwenv\lib\site-packages\django\utils\decorators.py", line 63, in bound_func
    return func.__get__(self, type(self))(*args2, **kwargs2)
  File "C:\Users\Home\helloworld\hwenv\lib\site-packages\django\contrib\admin\options.py", line 1470, in changelist_view
    self.list_max_show_all, self.list_editable, self)
  File "C:\Users\Home\helloworld\hwenv\lib\site-packages\django\contrib\admin\views\main.py", line 79, in __init__
    self.get_results(request)
  File "C:\Users\Home\helloworld\hwenv\lib\site-packages\django\contrib\admin\views\main.py", line 174, in get_results
    result_count = paginator.count
  File "C:\Users\Home\helloworld\hwenv\lib\site-packages\django\core\paginator.py", line 72, in _get_count
    self._count = self.object_list.count()
  File "C:\Users\Home\helloworld\hwenv\lib\site-packages\django\db\models\query.py", line 371, in count
    return self.query.get_count(using=self.db)
  File "C:\Users\Home\helloworld\hwenv\lib\site-packages\django\db\models\sql\query.py", line 483, in get_count
    number = obj.get_aggregation(using, ['__count'])['__count']
  File "C:\Users\Home\helloworld\hwenv\lib\site-packages\django\db\models\sql\query.py", line 464, in get_aggregation
    result = compiler.execute_sql(SINGLE)
  File "C:\Users\Home\helloworld\hwenv\lib\site-packages\django\db\models\sql\compiler.py", line 848, in execute_sql
    cursor.execute(sql, params)
  File "C:\Users\Home\helloworld\hwenv\lib\site-packages\django\db\backends\utils.py", line 79, in execute
    return super(CursorDebugWrapper, self).execute(sql, params)
  File "C:\Users\Home\helloworld\hwenv\lib\site-packages\django\db\backends\utils.py", line 64, in execute
    return self.cursor.execute(sql, params)
  File "C:\Users\Home\helloworld\hwenv\lib\site-packages\django\db\utils.py", line 95, in __exit__
    six.reraise(dj_exc_type, dj_exc_value, traceback)
  File "C:\Users\Home\helloworld\hwenv\lib\site-packages\django\utils\six.py", line 685, in reraise
    raise value.with_traceback(tb)
  File "C:\Users\Home\helloworld\hwenv\lib\site-packages\django\db\backends\utils.py", line 64, in execute
    return self.cursor.execute(sql, params)
  File "C:\Users\Home\helloworld\hwenv\lib\site-packages\django\db\backends\sqlite3\base.py", line 323, in execute
    return Database.Cursor.execute(self, query, params)
django.db.utils.OperationalError: no such table: photos_photo
ERROR 2016-03-12 17:14:25,554 base 4348 8680 Internal Server Error: /admin/photos/photo/
Traceback (most recent call last):
  File "C:\Users\Home\helloworld\hwenv\lib\site-packages\django\db\backends\utils.py", line 64, in execute
    return self.cursor.execute(sql, params)
  File "C:\Users\Home\helloworld\hwenv\lib\site-packages\django\db\backends\sqlite3\base.py", line 323, in execute
    return Database.Cursor.execute(self, query, params)
sqlite3.OperationalError: no such table: photos_photo

The above exception was the direct cause of the following exception:

Traceback (most recent call last):
  File "C:\Users\Home\helloworld\hwenv\lib\site-packages\django\core\handlers\base.py", line 149, in get_response
    response = self.process_exception_by_middleware(e, request)
  File "C:\Users\Home\helloworld\hwenv\lib\site-packages\django\core\handlers\base.py", line 147, in get_response
    response = wrapped_callback(request, *callback_args, **callback_kwargs)
  File "C:\Users\Home\helloworld\hwenv\lib\site-packages\django\contrib\admin\options.py", line 541, in wrapper
    return self.admin_site.admin_view(view)(*args, **kwargs)
  File "C:\Users\Home\helloworld\hwenv\lib\site-packages\django\utils\decorators.py", line 149, in _wrapped_view
    response = view_func(request, *args, **kwargs)
  File "C:\Users\Home\helloworld\hwenv\lib\site-packages\django\views\decorators\cache.py", line 57, in _wrapped_view_func
    response = view_func(request, *args, **kwargs)
  File "C:\Users\Home\helloworld\hwenv\lib\site-packages\django\contrib\admin\sites.py", line 244, in inner
    return view(request, *args, **kwargs)
  File "C:\Users\Home\helloworld\hwenv\lib\site-packages\django\utils\decorators.py", line 67, in _wrapper
    return bound_func(*args, **kwargs)
  File "C:\Users\Home\helloworld\hwenv\lib\site-packages\django\utils\decorators.py", line 149, in _wrapped_view
    response = view_func(request, *args, **kwargs)
  File "C:\Users\Home\helloworld\hwenv\lib\site-packages\django\utils\decorators.py", line 63, in bound_func
    return func.__get__(self, type(self))(*args2, **kwargs2)
  File "C:\Users\Home\helloworld\hwenv\lib\site-packages\django\contrib\admin\options.py", line 1470, in changelist_view
    self.list_max_show_all, self.list_editable, self)
  File "C:\Users\Home\helloworld\hwenv\lib\site-packages\django\contrib\admin\views\main.py", line 79, in __init__
    self.get_results(request)
  File "C:\Users\Home\helloworld\hwenv\lib\site-packages\django\contrib\admin\views\main.py", line 174, in get_results
    result_count = paginator.count
  File "C:\Users\Home\helloworld\hwenv\lib\site-packages\django\core\paginator.py", line 72, in _get_count
    self._count = self.object_list.count()
  File "C:\Users\Home\helloworld\hwenv\lib\site-packages\django\db\models\query.py", line 371, in count
    return self.query.get_count(using=self.db)
  File "C:\Users\Home\helloworld\hwenv\lib\site-packages\django\db\models\sql\query.py", line 483, in get_count
    number = obj.get_aggregation(using, ['__count'])['__count']
  File "C:\Users\Home\helloworld\hwenv\lib\site-packages\django\db\models\sql\query.py", line 464, in get_aggregation
    result = compiler.execute_sql(SINGLE)
  File "C:\Users\Home\helloworld\hwenv\lib\site-packages\django\db\models\sql\compiler.py", line 848, in execute_sql
    cursor.execute(sql, params)
  File "C:\Users\Home\helloworld\hwenv\lib\site-packages\django\db\backends\utils.py", line 79, in execute
    return super(CursorDebugWrapper, self).execute(sql, params)
  File "C:\Users\Home\helloworld\hwenv\lib\site-packages\django\db\backends\utils.py", line 64, in execute
    return self.cursor.execute(sql, params)
  File "C:\Users\Home\helloworld\hwenv\lib\site-packages\django\db\utils.py", line 95, in __exit__
    six.reraise(dj_exc_type, dj_exc_value, traceback)
  File "C:\Users\Home\helloworld\hwenv\lib\site-packages\django\utils\six.py", line 685, in reraise
    raise value.with_traceback(tb)
  File "C:\Users\Home\helloworld\hwenv\lib\site-packages\django\db\backends\utils.py", line 64, in execute
    return self.cursor.execute(sql, params)
  File "C:\Users\Home\helloworld\hwenv\lib\site-packages\django\db\backends\sqlite3\base.py", line 323, in execute
    return Database.Cursor.execute(self, query, params)
django.db.utils.OperationalError: no such table: photos_photo
ERROR 2016-03-12 17:14:31,330 base 4348 1264 Internal Server Error: /admin/photos/photo/
Traceback (most recent call last):
  File "C:\Users\Home\helloworld\hwenv\lib\site-packages\django\db\backends\utils.py", line 64, in execute
    return self.cursor.execute(sql, params)
  File "C:\Users\Home\helloworld\hwenv\lib\site-packages\django\db\backends\sqlite3\base.py", line 323, in execute
    return Database.Cursor.execute(self, query, params)
sqlite3.OperationalError: no such table: photos_photo

The above exception was the direct cause of the following exception:

Traceback (most recent call last):
  File "C:\Users\Home\helloworld\hwenv\lib\site-packages\django\core\handlers\base.py", line 149, in get_response
    response = self.process_exception_by_middleware(e, request)
  File "C:\Users\Home\helloworld\hwenv\lib\site-packages\django\core\handlers\base.py", line 147, in get_response
    response = wrapped_callback(request, *callback_args, **callback_kwargs)
  File "C:\Users\Home\helloworld\hwenv\lib\site-packages\django\contrib\admin\options.py", line 541, in wrapper
    return self.admin_site.admin_view(view)(*args, **kwargs)
  File "C:\Users\Home\helloworld\hwenv\lib\site-packages\django\utils\decorators.py", line 149, in _wrapped_view
    response = view_func(request, *args, **kwargs)
  File "C:\Users\Home\helloworld\hwenv\lib\site-packages\django\views\decorators\cache.py", line 57, in _wrapped_view_func
    response = view_func(request, *args, **kwargs)
  File "C:\Users\Home\helloworld\hwenv\lib\site-packages\django\contrib\admin\sites.py", line 244, in inner
    return view(request, *args, **kwargs)
  File "C:\Users\Home\helloworld\hwenv\lib\site-packages\django\utils\decorators.py", line 67, in _wrapper
    return bound_func(*args, **kwargs)
  File "C:\Users\Home\helloworld\hwenv\lib\site-packages\django\utils\decorators.py", line 149, in _wrapped_view
    response = view_func(request, *args, **kwargs)
  File "C:\Users\Home\helloworld\hwenv\lib\site-packages\django\utils\decorators.py", line 63, in bound_func
    return func.__get__(self, type(self))(*args2, **kwargs2)
  File "C:\Users\Home\helloworld\hwenv\lib\site-packages\django\contrib\admin\options.py", line 1470, in changelist_view
    self.list_max_show_all, self.list_editable, self)
  File "C:\Users\Home\helloworld\hwenv\lib\site-packages\django\contrib\admin\views\main.py", line 79, in __init__
    self.get_results(request)
  File "C:\Users\Home\helloworld\hwenv\lib\site-packages\django\contrib\admin\views\main.py", line 174, in get_results
    result_count = paginator.count
  File "C:\Users\Home\helloworld\hwenv\lib\site-packages\django\core\paginator.py", line 72, in _get_count
    self._count = self.object_list.count()
  File "C:\Users\Home\helloworld\hwenv\lib\site-packages\django\db\models\query.py", line 371, in count
    return self.query.get_count(using=self.db)
  File "C:\Users\Home\helloworld\hwenv\lib\site-packages\django\db\models\sql\query.py", line 483, in get_count
    number = obj.get_aggregation(using, ['__count'])['__count']
  File "C:\Users\Home\helloworld\hwenv\lib\site-packages\django\db\models\sql\query.py", line 464, in get_aggregation
    result = compiler.execute_sql(SINGLE)
  File "C:\Users\Home\helloworld\hwenv\lib\site-packages\django\db\models\sql\compiler.py", line 848, in execute_sql
    cursor.execute(sql, params)
  File "C:\Users\Home\helloworld\hwenv\lib\site-packages\django\db\backends\utils.py", line 79, in execute
    return super(CursorDebugWrapper, self).execute(sql, params)
  File "C:\Users\Home\helloworld\hwenv\lib\site-packages\django\db\backends\utils.py", line 64, in execute
    return self.cursor.execute(sql, params)
  File "C:\Users\Home\helloworld\hwenv\lib\site-packages\django\db\utils.py", line 95, in __exit__
    six.reraise(dj_exc_type, dj_exc_value, traceback)
  File "C:\Users\Home\helloworld\hwenv\lib\site-packages\django\utils\six.py", line 685, in reraise
    raise value.with_traceback(tb)
  File "C:\Users\Home\helloworld\hwenv\lib\site-packages\django\db\backends\utils.py", line 64, in execute
    return self.cursor.execute(sql, params)
  File "C:\Users\Home\helloworld\hwenv\lib\site-packages\django\db\backends\sqlite3\base.py", line 323, in execute
    return Database.Cursor.execute(self, query, params)
django.db.utils.OperationalError: no such table: photos_photo
WARNING 2016-03-12 17:20:41,050 base 8216 8472 Not Found: /1/view_photo
WARNING 2016-03-12 17:20:52,223 base 8216 1128 Not Found: /view_photo/1
WARNING 2016-03-12 17:21:16,845 base 8216 1132 Not Found: /1/view_photo/
WARNING 2016-03-12 17:21:21,329 base 8216 996 Not Found: /
WARNING 2016-03-12 17:21:49,523 base 8216 8968 Not Found: /photos
WARNING 2016-03-12 17:21:49,778 views 8216 8224 the toppage view is called
ERROR 2016-03-12 17:21:49,784 base 8216 8224 Internal Server Error: /photos/
Traceback (most recent call last):
  File "C:\Users\Home\helloworld\hwenv\lib\site-packages\django\core\handlers\base.py", line 149, in get_response
    response = self.process_exception_by_middleware(e, request)
  File "C:\Users\Home\helloworld\hwenv\lib\site-packages\django\core\handlers\base.py", line 147, in get_response
    response = wrapped_callback(request, *callback_args, **callback_kwargs)
  File "C:\Users\Home\helloworld\pystagram\photos\views.py", line 18, in toppage
    photos = Photo.object.order_by('-updated_at')
AttributeError: type object 'Photo' has no attribute 'object'
WARNING 2016-03-12 17:21:53,713 base 8216 8932 Not Found: /photo
WARNING 2016-03-12 17:22:15,326 base 8216 8956 Not Found: /view_photo/
WARNING 2016-03-12 17:22:19,889 base 8216 8204 Not Found: /view_photo/1
WARNING 2016-03-12 17:23:51,077 base 8216 8500 Not Found: /photos/photo
WARNING 2016-03-12 17:28:25,910 base 8216 7596 Not Found: /1
WARNING 2016-03-12 17:28:30,107 views 8216 1892 the toppage view is called
ERROR 2016-03-12 17:28:30,108 base 8216 1892 Internal Server Error: /photos/
Traceback (most recent call last):
  File "C:\Users\Home\helloworld\hwenv\lib\site-packages\django\core\handlers\base.py", line 149, in get_response
    response = self.process_exception_by_middleware(e, request)
  File "C:\Users\Home\helloworld\hwenv\lib\site-packages\django\core\handlers\base.py", line 147, in get_response
    response = wrapped_callback(request, *callback_args, **callback_kwargs)
  File "C:\Users\Home\helloworld\pystagram\photos\views.py", line 18, in toppage
    photos = Photo.object.order_by('-updated_at')
AttributeError: type object 'Photo' has no attribute 'object'
WARNING 2016-03-12 17:28:32,692 base 8216 8464 Not Found: /photos/1
ERROR 2016-03-12 17:28:32,708 base 8216 8348 Internal Server Error: /photos/1/
Traceback (most recent call last):
  File "C:\Users\Home\helloworld\hwenv\lib\site-packages\django\core\handlers\base.py", line 149, in get_response
    response = self.process_exception_by_middleware(e, request)
  File "C:\Users\Home\helloworld\hwenv\lib\site-packages\django\core\handlers\base.py", line 147, in get_response
    response = wrapped_callback(request, *callback_args, **callback_kwargs)
  File "C:\Users\Home\helloworld\pystagram\photos\views.py", line 29, in view_photo
    'photo' : photo,
NameError: name 'photo' is not defined
ERROR 2016-03-12 17:31:04,638 base 6116 4188 Internal Server Error: /photos/1/
Traceback (most recent call last):
  File "C:\Users\Home\helloworld\hwenv\lib\site-packages\django\core\handlers\base.py", line 149, in get_response
    response = self.process_exception_by_middleware(e, request)
  File "C:\Users\Home\helloworld\hwenv\lib\site-packages\django\core\handlers\base.py", line 147, in get_response
    response = wrapped_callback(request, *callback_args, **callback_kwargs)
  File "C:\Users\Home\helloworld\pystagram\photos\views.py", line 31, in view_photo
    return render(request, 'view_photo.html', ctx)
  File "C:\Users\Home\helloworld\hwenv\lib\site-packages\django\shortcuts.py", line 67, in render
    template_name, context, request=request, using=using)
  File "C:\Users\Home\helloworld\hwenv\lib\site-packages\django\template\loader.py", line 96, in render_to_string
    template = get_template(template_name, using=using)
  File "C:\Users\Home\helloworld\hwenv\lib\site-packages\django\template\loader.py", line 43, in get_template
    raise TemplateDoesNotExist(template_name, chain=chain)
django.template.exceptions.TemplateDoesNotExist: view_photo.html
WARNING 2016-03-12 17:31:09,369 base 6116 2464 Not Found: /1/photo
WARNING 2016-03-12 17:31:12,111 base 6116 9072 Not Found: /1/photos
ERROR 2016-03-12 17:31:16,117 base 6116 8264 Internal Server Error: /photos/1/
Traceback (most recent call last):
  File "C:\Users\Home\helloworld\hwenv\lib\site-packages\django\core\handlers\base.py", line 149, in get_response
    response = self.process_exception_by_middleware(e, request)
  File "C:\Users\Home\helloworld\hwenv\lib\site-packages\django\core\handlers\base.py", line 147, in get_response
    response = wrapped_callback(request, *callback_args, **callback_kwargs)
  File "C:\Users\Home\helloworld\pystagram\photos\views.py", line 31, in view_photo
    return render(request, 'view_photo.html', ctx)
  File "C:\Users\Home\helloworld\hwenv\lib\site-packages\django\shortcuts.py", line 67, in render
    template_name, context, request=request, using=using)
  File "C:\Users\Home\helloworld\hwenv\lib\site-packages\django\template\loader.py", line 96, in render_to_string
    template = get_template(template_name, using=using)
  File "C:\Users\Home\helloworld\hwenv\lib\site-packages\django\template\loader.py", line 43, in get_template
    raise TemplateDoesNotExist(template_name, chain=chain)
django.template.exceptions.TemplateDoesNotExist: view_photo.html
WARNING 2016-03-12 17:31:19,874 base 6116 1876 Not Found: /
ERROR 2016-03-12 17:34:19,604 base 4188 8700 Internal Server Error: /photos/
Traceback (most recent call last):
  File "C:\Users\Home\helloworld\hwenv\lib\site-packages\django\core\handlers\base.py", line 149, in get_response
    response = self.process_exception_by_middleware(e, request)
  File "C:\Users\Home\helloworld\hwenv\lib\site-packages\django\core\handlers\base.py", line 147, in get_response
    response = wrapped_callback(request, *callback_args, **callback_kwargs)
  File "C:\Users\Home\helloworld\pystagram\photos\views.py", line 14, in toppage
    messages.info('글 목록에 접근 했습니다.')
NameError: name 'messages' is not defined
WARNING 2016-03-12 17:34:39,610 views 9080 7920 the toppage view is called
ERROR 2016-03-12 17:34:39,610 base 9080 7920 Internal Server Error: /photos/
Traceback (most recent call last):
  File "C:\Users\Home\helloworld\hwenv\lib\site-packages\django\core\handlers\base.py", line 149, in get_response
    response = self.process_exception_by_middleware(e, request)
  File "C:\Users\Home\helloworld\hwenv\lib\site-packages\django\core\handlers\base.py", line 147, in get_response
    response = wrapped_callback(request, *callback_args, **callback_kwargs)
  File "C:\Users\Home\helloworld\pystagram\photos\views.py", line 19, in toppage
    photos = Photo.object.order_by('-updated_at')
AttributeError: type object 'Photo' has no attribute 'object'
WARNING 2016-03-12 17:35:14,654 views 7596 8084 the toppage view is called
ERROR 2016-03-12 17:35:14,655 base 7596 8084 Internal Server Error: /photos/
Traceback (most recent call last):
  File "C:\Users\Home\helloworld\hwenv\lib\site-packages\django\core\handlers\base.py", line 149, in get_response
    response = self.process_exception_by_middleware(e, request)
  File "C:\Users\Home\helloworld\hwenv\lib\site-packages\django\core\handlers\base.py", line 147, in get_response
    response = wrapped_callback(request, *callback_args, **callback_kwargs)
  File "C:\Users\Home\helloworld\pystagram\photos\views.py", line 19, in toppage
    photos = Photo.object.order_by('-updated_at')
AttributeError: type object 'Photo' has no attribute 'object'
ERROR 2016-03-12 17:37:25,804 base 8108 8448 Internal Server Error: /photos/
Traceback (most recent call last):
  File "C:\Users\Home\helloworld\hwenv\lib\site-packages\django\core\handlers\base.py", line 149, in get_response
    response = self.process_exception_by_middleware(e, request)
  File "C:\Users\Home\helloworld\hwenv\lib\site-packages\django\core\handlers\base.py", line 147, in get_response
    response = wrapped_callback(request, *callback_args, **callback_kwargs)
  File "C:\Users\Home\helloworld\pystagram\photos\views.py", line 14, in toppage
    messages.info('글 목록에 접근 했습니다.')
NameError: name 'messages' is not defined
ERROR 2016-03-12 17:38:08,443 base 9080 8948 Internal Server Error: /photos/
Traceback (most recent call last):
  File "C:\Users\Home\helloworld\hwenv\lib\site-packages\django\core\handlers\base.py", line 149, in get_response
    response = self.process_exception_by_middleware(e, request)
  File "C:\Users\Home\helloworld\hwenv\lib\site-packages\django\core\handlers\base.py", line 147, in get_response
    response = wrapped_callback(request, *callback_args, **callback_kwargs)
  File "C:\Users\Home\helloworld\pystagram\photos\views.py", line 15, in toppage
    messages.info('글 목록에 접근 했습니다.')
TypeError: info() missing 1 required positional argument: 'message'
WARNING 2016-03-12 17:39:09,653 views 4308 8176 the toppage view is called
ERROR 2016-03-12 17:39:09,653 base 4308 8176 Internal Server Error: /photos/
Traceback (most recent call last):
  File "C:\Users\Home\helloworld\hwenv\lib\site-packages\django\core\handlers\base.py", line 149, in get_response
    response = self.process_exception_by_middleware(e, request)
  File "C:\Users\Home\helloworld\hwenv\lib\site-packages\django\core\handlers\base.py", line 147, in get_response
    response = wrapped_callback(request, *callback_args, **callback_kwargs)
  File "C:\Users\Home\helloworld\pystagram\photos\views.py", line 20, in toppage
    photos = Photo.object.order_by('-updated_at')
AttributeError: type object 'Photo' has no attribute 'object'
WARNING 2016-03-14 11:18:57,717 base 7448 8532 Not Found: /photos
WARNING 2016-03-14 11:18:57,729 views 7448 8420 the toppage view is called
ERROR 2016-03-14 11:18:57,730 base 7448 8420 Internal Server Error: /photos/
Traceback (most recent call last):
  File "C:\Users\Home\helloworld\hwenv\lib\site-packages\django\core\handlers\base.py", line 149, in get_response
    response = self.process_exception_by_middleware(e, request)
  File "C:\Users\Home\helloworld\hwenv\lib\site-packages\django\core\handlers\base.py", line 147, in get_response
    response = wrapped_callback(request, *callback_args, **callback_kwargs)
  File "C:\Users\Home\helloworld\pystagram\photos\views.py", line 20, in toppage
    photos = Photo.object.order_by('-updated_at')
AttributeError: type object 'Photo' has no attribute 'object'
WARNING 2016-03-14 11:18:58,538 base 7448 9172 Not Found: /favicon.ico
WARNING 2016-03-19 14:17:00,821 base 7148 8168 Not Found: /1
WARNING 2016-03-19 14:17:01,600 base 7148 7916 Not Found: /favicon.ico
WARNING 2016-03-19 14:17:06,289 base 7148 1616 Not Found: /admin
WARNING 2016-03-19 14:18:08,637 base 7148 1792 Not Found: /1
WARNING 2016-03-19 14:19:21,599 base 7148 692 Not Found: /1/
ERROR 2016-03-19 14:29:20,227 base 7832 3496 Internal Server Error: /photos/1/
Traceback (most recent call last):
  File "C:\Users\Home\helloworld\hwenv\lib\site-packages\django\template\base.py", line 508, in parse
    compile_func = self.tags[command]
KeyError: 'elseif'

During handling of the above exception, another exception occurred:

Traceback (most recent call last):
  File "C:\Users\Home\helloworld\hwenv\lib\site-packages\django\core\handlers\base.py", line 149, in get_response
    response = self.process_exception_by_middleware(e, request)
  File "C:\Users\Home\helloworld\hwenv\lib\site-packages\django\core\handlers\base.py", line 147, in get_response
    response = wrapped_callback(request, *callback_args, **callback_kwargs)
  File "C:\Users\Home\helloworld\pystagram\photos\views.py", line 34, in view_photo
    return render(request, 'view_photo.html', ctx)
  File "C:\Users\Home\helloworld\hwenv\lib\site-packages\django\shortcuts.py", line 67, in render
    template_name, context, request=request, using=using)
  File "C:\Users\Home\helloworld\hwenv\lib\site-packages\django\template\loader.py", line 96, in render_to_string
    template = get_template(template_name, using=using)
  File "C:\Users\Home\helloworld\hwenv\lib\site-packages\django\template\loader.py", line 32, in get_template
    return engine.get_template(template_name, dirs)
  File "C:\Users\Home\helloworld\hwenv\lib\site-packages\django\template\backends\django.py", line 40, in get_template
    return Template(self.engine.get_template(template_name, dirs), self)
  File "C:\Users\Home\helloworld\hwenv\lib\site-packages\django\template\engine.py", line 190, in get_template
    template, origin = self.find_template(template_name, dirs)
  File "C:\Users\Home\helloworld\hwenv\lib\site-packages\django\template\engine.py", line 157, in find_template
    name, template_dirs=dirs, skip=skip,
  File "C:\Users\Home\helloworld\hwenv\lib\site-packages\django\template\loaders\base.py", line 46, in get_template
    contents, origin, origin.template_name, self.engine,
  File "C:\Users\Home\helloworld\hwenv\lib\site-packages\django\template\base.py", line 189, in __init__
    self.nodelist = self.compile_nodelist()
  File "C:\Users\Home\helloworld\hwenv\lib\site-packages\django\template\base.py", line 231, in compile_nodelist
    return parser.parse()
  File "C:\Users\Home\helloworld\hwenv\lib\site-packages\django\template\base.py", line 510, in parse
    self.invalid_block_tag(token, command, parse_until)
  File "C:\Users\Home\helloworld\hwenv\lib\site-packages\django\template\base.py", line 572, in invalid_block_tag
    "or load this tag?" % (token.lineno, command)
django.template.exceptions.TemplateSyntaxError: Invalid block tag on line 24: 'elseif'. Did you forget to register or load this tag?
ERROR 2016-03-19 14:29:49,288 base 5340 5100 Internal Server Error: /photos/1/
Traceback (most recent call last):
  File "C:\Users\Home\helloworld\hwenv\lib\site-packages\django\template\base.py", line 508, in parse
    compile_func = self.tags[command]
KeyError: 'elseif'

During handling of the above exception, another exception occurred:

Traceback (most recent call last):
  File "C:\Users\Home\helloworld\hwenv\lib\site-packages\django\core\handlers\base.py", line 149, in get_response
    response = self.process_exception_by_middleware(e, request)
  File "C:\Users\Home\helloworld\hwenv\lib\site-packages\django\core\handlers\base.py", line 147, in get_response
    response = wrapped_callback(request, *callback_args, **callback_kwargs)
  File "C:\Users\Home\helloworld\pystagram\photos\views.py", line 34, in view_photo
    return render(request, 'view_photo.html', ctx)
  File "C:\Users\Home\helloworld\hwenv\lib\site-packages\django\shortcuts.py", line 67, in render
    template_name, context, request=request, using=using)
  File "C:\Users\Home\helloworld\hwenv\lib\site-packages\django\template\loader.py", line 96, in render_to_string
    template = get_template(template_name, using=using)
  File "C:\Users\Home\helloworld\hwenv\lib\site-packages\django\template\loader.py", line 32, in get_template
    return engine.get_template(template_name, dirs)
  File "C:\Users\Home\helloworld\hwenv\lib\site-packages\django\template\backends\django.py", line 40, in get_template
    return Template(self.engine.get_template(template_name, dirs), self)
  File "C:\Users\Home\helloworld\hwenv\lib\site-packages\django\template\engine.py", line 190, in get_template
    template, origin = self.find_template(template_name, dirs)
  File "C:\Users\Home\helloworld\hwenv\lib\site-packages\django\template\engine.py", line 157, in find_template
    name, template_dirs=dirs, skip=skip,
  File "C:\Users\Home\helloworld\hwenv\lib\site-packages\django\template\loaders\base.py", line 46, in get_template
    contents, origin, origin.template_name, self.engine,
  File "C:\Users\Home\helloworld\hwenv\lib\site-packages\django\template\base.py", line 189, in __init__
    self.nodelist = self.compile_nodelist()
  File "C:\Users\Home\helloworld\hwenv\lib\site-packages\django\template\base.py", line 231, in compile_nodelist
    return parser.parse()
  File "C:\Users\Home\helloworld\hwenv\lib\site-packages\django\template\base.py", line 510, in parse
    self.invalid_block_tag(token, command, parse_until)
  File "C:\Users\Home\helloworld\hwenv\lib\site-packages\django\template\base.py", line 572, in invalid_block_tag
    "or load this tag?" % (token.lineno, command)
django.template.exceptions.TemplateSyntaxError: Invalid block tag on line 24: 'elseif'. Did you forget to register or load this tag?
ERROR 2016-03-19 14:44:36,301 base 508 6780 Internal Server Error: /photos/1/
Traceback (most recent call last):
  File "C:\Users\Home\helloworld\hwenv\lib\site-packages\django\template\smartif.py", line 177, in translate_token
    op = OPERATORS[token]
KeyError: 'photo|did_like:request.user'

During handling of the above exception, another exception occurred:

Traceback (most recent call last):
  File "C:\Users\Home\helloworld\hwenv\lib\site-packages\django\core\handlers\base.py", line 149, in get_response
    response = self.process_exception_by_middleware(e, request)
  File "C:\Users\Home\helloworld\hwenv\lib\site-packages\django\core\handlers\base.py", line 147, in get_response
    response = wrapped_callback(request, *callback_args, **callback_kwargs)
  File "C:\Users\Home\helloworld\pystagram\photos\views.py", line 34, in view_photo
    return render(request, 'view_photo.html', ctx)
  File "C:\Users\Home\helloworld\hwenv\lib\site-packages\django\shortcuts.py", line 67, in render
    template_name, context, request=request, using=using)
  File "C:\Users\Home\helloworld\hwenv\lib\site-packages\django\template\loader.py", line 96, in render_to_string
    template = get_template(template_name, using=using)
  File "C:\Users\Home\helloworld\hwenv\lib\site-packages\django\template\loader.py", line 32, in get_template
    return engine.get_template(template_name, dirs)
  File "C:\Users\Home\helloworld\hwenv\lib\site-packages\django\template\backends\django.py", line 40, in get_template
    return Template(self.engine.get_template(template_name, dirs), self)
  File "C:\Users\Home\helloworld\hwenv\lib\site-packages\django\template\engine.py", line 190, in get_template
    template, origin = self.find_template(template_name, dirs)
  File "C:\Users\Home\helloworld\hwenv\lib\site-packages\django\template\engine.py", line 157, in find_template
    name, template_dirs=dirs, skip=skip,
  File "C:\Users\Home\helloworld\hwenv\lib\site-packages\django\template\loaders\base.py", line 46, in get_template
    contents, origin, origin.template_name, self.engine,
  File "C:\Users\Home\helloworld\hwenv\lib\site-packages\django\template\base.py", line 189, in __init__
    self.nodelist = self.compile_nodelist()
  File "C:\Users\Home\helloworld\hwenv\lib\site-packages\django\template\base.py", line 231, in compile_nodelist
    return parser.parse()
  File "C:\Users\Home\helloworld\hwenv\lib\site-packages\django\template\base.py", line 516, in parse
    raise self.error(token, e)
  File "C:\Users\Home\helloworld\hwenv\lib\site-packages\django\template\base.py", line 514, in parse
    compiled_result = compile_func(self, token)
  File "C:\Users\Home\helloworld\hwenv\lib\site-packages\django\template\defaulttags.py", line 1027, in do_if
    condition = TemplateIfParser(parser, bits).parse()
  File "C:\Users\Home\helloworld\hwenv\lib\site-packages\django\template\defaulttags.py", line 959, in __init__
    super(TemplateIfParser, self).__init__(*args, **kwargs)
  File "C:\Users\Home\helloworld\hwenv\lib\site-packages\django\template\smartif.py", line 168, in __init__
    mapped_tokens.append(self.translate_token(token))
  File "C:\Users\Home\helloworld\hwenv\lib\site-packages\django\template\smartif.py", line 179, in translate_token
    return self.create_var(token)
  File "C:\Users\Home\helloworld\hwenv\lib\site-packages\django\template\defaulttags.py", line 962, in create_var
    return TemplateLiteral(self.template_parser.compile_filter(value), value)
  File "C:\Users\Home\helloworld\hwenv\lib\site-packages\django\template\base.py", line 601, in compile_filter
    return FilterExpression(token, self)
  File "C:\Users\Home\helloworld\hwenv\lib\site-packages\django\template\base.py", line 695, in __init__
    filter_func = parser.find_filter(filter_name)
  File "C:\Users\Home\helloworld\hwenv\lib\site-packages\django\template\base.py", line 607, in find_filter
    raise TemplateSyntaxError("Invalid filter: '%s'" % filter_name)
django.template.exceptions.TemplateSyntaxError: Invalid filter: 'did_like'
ERROR 2016-03-19 14:53:40,972 base 508 1400 Internal Server Error: /photos/1/
Traceback (most recent call last):
  File "C:\Users\Home\helloworld\hwenv\lib\site-packages\django\template\base.py", line 508, in parse
    compile_func = self.tags[command]
KeyError: 'addnum'

During handling of the above exception, another exception occurred:

Traceback (most recent call last):
  File "C:\Users\Home\helloworld\hwenv\lib\site-packages\django\core\handlers\base.py", line 149, in get_response
    response = self.process_exception_by_middleware(e, request)
  File "C:\Users\Home\helloworld\hwenv\lib\site-packages\django\core\handlers\base.py", line 147, in get_response
    response = wrapped_callback(request, *callback_args, **callback_kwargs)
  File "C:\Users\Home\helloworld\pystagram\photos\views.py", line 34, in view_photo
    return render(request, 'view_photo.html', ctx)
  File "C:\Users\Home\helloworld\hwenv\lib\site-packages\django\shortcuts.py", line 67, in render
    template_name, context, request=request, using=using)
  File "C:\Users\Home\helloworld\hwenv\lib\site-packages\django\template\loader.py", line 96, in render_to_string
    template = get_template(template_name, using=using)
  File "C:\Users\Home\helloworld\hwenv\lib\site-packages\django\template\loader.py", line 32, in get_template
    return engine.get_template(template_name, dirs)
  File "C:\Users\Home\helloworld\hwenv\lib\site-packages\django\template\backends\django.py", line 40, in get_template
    return Template(self.engine.get_template(template_name, dirs), self)
  File "C:\Users\Home\helloworld\hwenv\lib\site-packages\django\template\engine.py", line 190, in get_template
    template, origin = self.find_template(template_name, dirs)
  File "C:\Users\Home\helloworld\hwenv\lib\site-packages\django\template\engine.py", line 157, in find_template
    name, template_dirs=dirs, skip=skip,
  File "C:\Users\Home\helloworld\hwenv\lib\site-packages\django\template\loaders\base.py", line 46, in get_template
    contents, origin, origin.template_name, self.engine,
  File "C:\Users\Home\helloworld\hwenv\lib\site-packages\django\template\base.py", line 189, in __init__
    self.nodelist = self.compile_nodelist()
  File "C:\Users\Home\helloworld\hwenv\lib\site-packages\django\template\base.py", line 231, in compile_nodelist
    return parser.parse()
  File "C:\Users\Home\helloworld\hwenv\lib\site-packages\django\template\base.py", line 510, in parse
    self.invalid_block_tag(token, command, parse_until)
  File "C:\Users\Home\helloworld\hwenv\lib\site-packages\django\template\base.py", line 572, in invalid_block_tag
    "or load this tag?" % (token.lineno, command)
django.template.exceptions.TemplateSyntaxError: Invalid block tag on line 10: 'addnum'. Did you forget to register or load this tag?
ERROR 2016-03-19 14:54:22,017 base 508 7152 Internal Server Error: /photos/2/
Traceback (most recent call last):
  File "C:\Users\Home\helloworld\hwenv\lib\site-packages\django\template\base.py", line 508, in parse
    compile_func = self.tags[command]
KeyError: 'addnum'

During handling of the above exception, another exception occurred:

Traceback (most recent call last):
  File "C:\Users\Home\helloworld\hwenv\lib\site-packages\django\core\handlers\base.py", line 149, in get_response
    response = self.process_exception_by_middleware(e, request)
  File "C:\Users\Home\helloworld\hwenv\lib\site-packages\django\core\handlers\base.py", line 147, in get_response
    response = wrapped_callback(request, *callback_args, **callback_kwargs)
  File "C:\Users\Home\helloworld\pystagram\photos\views.py", line 34, in view_photo
    return render(request, 'view_photo.html', ctx)
  File "C:\Users\Home\helloworld\hwenv\lib\site-packages\django\shortcuts.py", line 67, in render
    template_name, context, request=request, using=using)
  File "C:\Users\Home\helloworld\hwenv\lib\site-packages\django\template\loader.py", line 96, in render_to_string
    template = get_template(template_name, using=using)
  File "C:\Users\Home\helloworld\hwenv\lib\site-packages\django\template\loader.py", line 32, in get_template
    return engine.get_template(template_name, dirs)
  File "C:\Users\Home\helloworld\hwenv\lib\site-packages\django\template\backends\django.py", line 40, in get_template
    return Template(self.engine.get_template(template_name, dirs), self)
  File "C:\Users\Home\helloworld\hwenv\lib\site-packages\django\template\engine.py", line 190, in get_template
    template, origin = self.find_template(template_name, dirs)
  File "C:\Users\Home\helloworld\hwenv\lib\site-packages\django\template\engine.py", line 157, in find_template
    name, template_dirs=dirs, skip=skip,
  File "C:\Users\Home\helloworld\hwenv\lib\site-packages\django\template\loaders\base.py", line 46, in get_template
    contents, origin, origin.template_name, self.engine,
  File "C:\Users\Home\helloworld\hwenv\lib\site-packages\django\template\base.py", line 189, in __init__
    self.nodelist = self.compile_nodelist()
  File "C:\Users\Home\helloworld\hwenv\lib\site-packages\django\template\base.py", line 231, in compile_nodelist
    return parser.parse()
  File "C:\Users\Home\helloworld\hwenv\lib\site-packages\django\template\base.py", line 510, in parse
    self.invalid_block_tag(token, command, parse_until)
  File "C:\Users\Home\helloworld\hwenv\lib\site-packages\django\template\base.py", line 572, in invalid_block_tag
    "or load this tag?" % (token.lineno, command)
django.template.exceptions.TemplateSyntaxError: Invalid block tag on line 10: 'addnum'. Did you forget to register or load this tag?
ERROR 2016-03-19 14:56:12,336 base 508 428 Internal Server Error: /photos/2/
Traceback (most recent call last):
  File "C:\Users\Home\helloworld\hwenv\lib\site-packages\django\template\smartif.py", line 177, in translate_token
    op = OPERATORS[token]
KeyError: 'photo|did_like:request.user'

During handling of the above exception, another exception occurred:

Traceback (most recent call last):
  File "C:\Users\Home\helloworld\hwenv\lib\site-packages\django\core\handlers\base.py", line 149, in get_response
    response = self.process_exception_by_middleware(e, request)
  File "C:\Users\Home\helloworld\hwenv\lib\site-packages\django\core\handlers\base.py", line 147, in get_response
    response = wrapped_callback(request, *callback_args, **callback_kwargs)
  File "C:\Users\Home\helloworld\pystagram\photos\views.py", line 34, in view_photo
    return render(request, 'view_photo.html', ctx)
  File "C:\Users\Home\helloworld\hwenv\lib\site-packages\django\shortcuts.py", line 67, in render
    template_name, context, request=request, using=using)
  File "C:\Users\Home\helloworld\hwenv\lib\site-packages\django\template\loader.py", line 96, in render_to_string
    template = get_template(template_name, using=using)
  File "C:\Users\Home\helloworld\hwenv\lib\site-packages\django\template\loader.py", line 32, in get_template
    return engine.get_template(template_name, dirs)
  File "C:\Users\Home\helloworld\hwenv\lib\site-packages\django\template\backends\django.py", line 40, in get_template
    return Template(self.engine.get_template(template_name, dirs), self)
  File "C:\Users\Home\helloworld\hwenv\lib\site-packages\django\template\engine.py", line 190, in get_template
    template, origin = self.find_template(template_name, dirs)
  File "C:\Users\Home\helloworld\hwenv\lib\site-packages\django\template\engine.py", line 157, in find_template
    name, template_dirs=dirs, skip=skip,
  File "C:\Users\Home\helloworld\hwenv\lib\site-packages\django\template\loaders\base.py", line 46, in get_template
    contents, origin, origin.template_name, self.engine,
  File "C:\Users\Home\helloworld\hwenv\lib\site-packages\django\template\base.py", line 189, in __init__
    self.nodelist = self.compile_nodelist()
  File "C:\Users\Home\helloworld\hwenv\lib\site-packages\django\template\base.py", line 231, in compile_nodelist
    return parser.parse()
  File "C:\Users\Home\helloworld\hwenv\lib\site-packages\django\template\base.py", line 516, in parse
    raise self.error(token, e)
  File "C:\Users\Home\helloworld\hwenv\lib\site-packages\django\template\base.py", line 514, in parse
    compiled_result = compile_func(self, token)
  File "C:\Users\Home\helloworld\hwenv\lib\site-packages\django\template\defaulttags.py", line 1027, in do_if
    condition = TemplateIfParser(parser, bits).parse()
  File "C:\Users\Home\helloworld\hwenv\lib\site-packages\django\template\defaulttags.py", line 959, in __init__
    super(TemplateIfParser, self).__init__(*args, **kwargs)
  File "C:\Users\Home\helloworld\hwenv\lib\site-packages\django\template\smartif.py", line 168, in __init__
    mapped_tokens.append(self.translate_token(token))
  File "C:\Users\Home\helloworld\hwenv\lib\site-packages\django\template\smartif.py", line 179, in translate_token
    return self.create_var(token)
  File "C:\Users\Home\helloworld\hwenv\lib\site-packages\django\template\defaulttags.py", line 962, in create_var
    return TemplateLiteral(self.template_parser.compile_filter(value), value)
  File "C:\Users\Home\helloworld\hwenv\lib\site-packages\django\template\base.py", line 601, in compile_filter
    return FilterExpression(token, self)
  File "C:\Users\Home\helloworld\hwenv\lib\site-packages\django\template\base.py", line 695, in __init__
    filter_func = parser.find_filter(filter_name)
  File "C:\Users\Home\helloworld\hwenv\lib\site-packages\django\template\base.py", line 607, in find_filter
    raise TemplateSyntaxError("Invalid filter: '%s'" % filter_name)
django.template.exceptions.TemplateSyntaxError: Invalid filter: 'did_like'
WARNING 2016-03-26 12:16:58,625 base 7340 6376 Not Found: /favicon.ico
ERROR 2016-03-26 12:17:09,991 base 7340 6944 Internal Server Error: /restapi/
Traceback (most recent call last):
  File "C:\Users\Home\helloworld\hwenv\lib\site-packages\django\core\handlers\base.py", line 149, in get_response
    response = self.process_exception_by_middleware(e, request)
  File "C:\Users\Home\helloworld\hwenv\lib\site-packages\django\core\handlers\base.py", line 147, in get_response
    response = wrapped_callback(request, *callback_args, **callback_kwargs)
  File "C:\Users\Home\helloworld\hwenv\lib\site-packages\django\views\decorators\csrf.py", line 58, in wrapped_view
    return view_func(*args, **kwargs)
  File "C:\Users\Home\helloworld\hwenv\lib\site-packages\rest_framework\viewsets.py", line 87, in view
    return self.dispatch(request, *args, **kwargs)
  File "C:\Users\Home\helloworld\hwenv\lib\site-packages\rest_framework\views.py", line 466, in dispatch
    response = self.handle_exception(exc)
  File "C:\Users\Home\helloworld\hwenv\lib\site-packages\rest_framework\views.py", line 463, in dispatch
    response = handler(request, *args, **kwargs)
  File "C:\Users\Home\helloworld\hwenv\lib\site-packages\rest_framework\mixins.py", line 48, in list
    return Response(serializer.data)
  File "C:\Users\Home\helloworld\hwenv\lib\site-packages\rest_framework\serializers.py", line 674, in data
    ret = super(ListSerializer, self).data
  File "C:\Users\Home\helloworld\hwenv\lib\site-packages\rest_framework\serializers.py", line 239, in data
    self._data = self.to_representation(self.instance)
  File "C:\Users\Home\helloworld\hwenv\lib\site-packages\rest_framework\serializers.py", line 614, in to_representation
    self.child.to_representation(item) for item in iterable
  File "C:\Users\Home\helloworld\hwenv\lib\site-packages\rest_framework\serializers.py", line 614, in <listcomp>
    self.child.to_representation(item) for item in iterable
  File "C:\Users\Home\helloworld\hwenv\lib\site-packages\rest_framework\serializers.py", line 459, in to_representation
    fields = self._readable_fields
  File "C:\Users\Home\helloworld\hwenv\lib\site-packages\django\utils\functional.py", line 33, in __get__
    res = instance.__dict__[self.name] = self.func(instance)
  File "C:\Users\Home\helloworld\hwenv\lib\site-packages\rest_framework\serializers.py", line 353, in _readable_fields
    field for field in self.fields.values()
  File "C:\Users\Home\helloworld\hwenv\lib\site-packages\rest_framework\serializers.py", line 339, in fields
    for key, value in self.get_fields().items():
  File "C:\Users\Home\helloworld\hwenv\lib\site-packages\rest_framework\serializers.py", line 939, in get_fields
    field_name, info, model, depth
  File "C:\Users\Home\helloworld\hwenv\lib\site-packages\rest_framework\serializers.py", line 1076, in build_field
    return self.build_unknown_field(field_name, model_class)
  File "C:\Users\Home\helloworld\hwenv\lib\site-packages\rest_framework\serializers.py", line 1182, in build_unknown_field
    (field_name, model_class.__name__)
django.core.exceptions.ImproperlyConfigured: Field name `description` is not valid for model `Photo`.
ERROR 2016-03-26 12:25:22,987 base 7924 8120 Internal Server Error: /restapi/
Traceback (most recent call last):
  File "C:\Users\Home\helloworld\hwenv\lib\site-packages\django\db\backends\utils.py", line 64, in execute
    return self.cursor.execute(sql, params)
  File "C:\Users\Home\helloworld\hwenv\lib\site-packages\django\db\backends\sqlite3\base.py", line 323, in execute
    return Database.Cursor.execute(self, query, params)
sqlite3.IntegrityError: NOT NULL constraint failed: photos_photo.user_id

The above exception was the direct cause of the following exception:

Traceback (most recent call last):
  File "C:\Users\Home\helloworld\hwenv\lib\site-packages\django\core\handlers\base.py", line 149, in get_response
    response = self.process_exception_by_middleware(e, request)
  File "C:\Users\Home\helloworld\hwenv\lib\site-packages\django\core\handlers\base.py", line 147, in get_response
    response = wrapped_callback(request, *callback_args, **callback_kwargs)
  File "C:\Users\Home\helloworld\hwenv\lib\site-packages\django\views\decorators\csrf.py", line 58, in wrapped_view
    return view_func(*args, **kwargs)
  File "C:\Users\Home\helloworld\hwenv\lib\site-packages\rest_framework\viewsets.py", line 87, in view
    return self.dispatch(request, *args, **kwargs)
  File "C:\Users\Home\helloworld\hwenv\lib\site-packages\rest_framework\views.py", line 466, in dispatch
    response = self.handle_exception(exc)
  File "C:\Users\Home\helloworld\hwenv\lib\site-packages\rest_framework\views.py", line 463, in dispatch
    response = handler(request, *args, **kwargs)
  File "C:\Users\Home\helloworld\hwenv\lib\site-packages\rest_framework\mixins.py", line 21, in create
    self.perform_create(serializer)
  File "C:\Users\Home\helloworld\hwenv\lib\site-packages\rest_framework\mixins.py", line 26, in perform_create
    serializer.save()
  File "C:\Users\Home\helloworld\hwenv\lib\site-packages\rest_framework\serializers.py", line 191, in save
    self.instance = self.create(validated_data)
  File "C:\Users\Home\helloworld\hwenv\lib\site-packages\rest_framework\serializers.py", line 846, in create
    instance = ModelClass.objects.create(**validated_data)
  File "C:\Users\Home\helloworld\hwenv\lib\site-packages\django\db\models\manager.py", line 122, in manager_method
    return getattr(self.get_queryset(), name)(*args, **kwargs)
  File "C:\Users\Home\helloworld\hwenv\lib\site-packages\django\db\models\query.py", line 401, in create
    obj.save(force_insert=True, using=self.db)
  File "C:\Users\Home\helloworld\hwenv\lib\site-packages\django\db\models\base.py", line 700, in save
    force_update=force_update, update_fields=update_fields)
  File "C:\Users\Home\helloworld\hwenv\lib\site-packages\django\db\models\base.py", line 728, in save_base
    updated = self._save_table(raw, cls, force_insert, force_update, using, update_fields)
  File "C:\Users\Home\helloworld\hwenv\lib\site-packages\django\db\models\base.py", line 812, in _save_table
    result = self._do_insert(cls._base_manager, using, fields, update_pk, raw)
  File "C:\Users\Home\helloworld\hwenv\lib\site-packages\django\db\models\base.py", line 851, in _do_insert
    using=using, raw=raw)
  File "C:\Users\Home\helloworld\hwenv\lib\site-packages\django\db\models\manager.py", line 122, in manager_method
    return getattr(self.get_queryset(), name)(*args, **kwargs)
  File "C:\Users\Home\helloworld\hwenv\lib\site-packages\django\db\models\query.py", line 1039, in _insert
    return query.get_compiler(using=using).execute_sql(return_id)
  File "C:\Users\Home\helloworld\hwenv\lib\site-packages\django\db\models\sql\compiler.py", line 1060, in execute_sql
    cursor.execute(sql, params)
  File "C:\Users\Home\helloworld\hwenv\lib\site-packages\django\db\backends\utils.py", line 79, in execute
    return super(CursorDebugWrapper, self).execute(sql, params)
  File "C:\Users\Home\helloworld\hwenv\lib\site-packages\django\db\backends\utils.py", line 64, in execute
    return self.cursor.execute(sql, params)
  File "C:\Users\Home\helloworld\hwenv\lib\site-packages\django\db\utils.py", line 95, in __exit__
    six.reraise(dj_exc_type, dj_exc_value, traceback)
  File "C:\Users\Home\helloworld\hwenv\lib\site-packages\django\utils\six.py", line 685, in reraise
    raise value.with_traceback(tb)
  File "C:\Users\Home\helloworld\hwenv\lib\site-packages\django\db\backends\utils.py", line 64, in execute
    return self.cursor.execute(sql, params)
  File "C:\Users\Home\helloworld\hwenv\lib\site-packages\django\db\backends\sqlite3\base.py", line 323, in execute
    return Database.Cursor.execute(self, query, params)
django.db.utils.IntegrityError: NOT NULL constraint failed: photos_photo.user_id
ERROR 2016-03-26 12:37:21,137 base 7924 7744 Internal Server Error: /photos/1/
Traceback (most recent call last):
  File "C:\Users\Home\helloworld\hwenv\lib\site-packages\django\template\smartif.py", line 177, in translate_token
    op = OPERATORS[token]
KeyError: 'photo|did_like:request.user'

During handling of the above exception, another exception occurred:

Traceback (most recent call last):
  File "C:\Users\Home\helloworld\hwenv\lib\site-packages\django\core\handlers\base.py", line 149, in get_response
    response = self.process_exception_by_middleware(e, request)
  File "C:\Users\Home\helloworld\hwenv\lib\site-packages\django\core\handlers\base.py", line 147, in get_response
    response = wrapped_callback(request, *callback_args, **callback_kwargs)
  File "C:\Users\Home\helloworld\pystagram\photos\views.py", line 45, in view_photo
    return render(request, 'view_photo.html', ctx)
  File "C:\Users\Home\helloworld\hwenv\lib\site-packages\django\shortcuts.py", line 67, in render
    template_name, context, request=request, using=using)
  File "C:\Users\Home\helloworld\hwenv\lib\site-packages\django\template\loader.py", line 96, in render_to_string
    template = get_template(template_name, using=using)
  File "C:\Users\Home\helloworld\hwenv\lib\site-packages\django\template\loader.py", line 32, in get_template
    return engine.get_template(template_name, dirs)
  File "C:\Users\Home\helloworld\hwenv\lib\site-packages\django\template\backends\django.py", line 40, in get_template
    return Template(self.engine.get_template(template_name, dirs), self)
  File "C:\Users\Home\helloworld\hwenv\lib\site-packages\django\template\engine.py", line 190, in get_template
    template, origin = self.find_template(template_name, dirs)
  File "C:\Users\Home\helloworld\hwenv\lib\site-packages\django\template\engine.py", line 157, in find_template
    name, template_dirs=dirs, skip=skip,
  File "C:\Users\Home\helloworld\hwenv\lib\site-packages\django\template\loaders\base.py", line 46, in get_template
    contents, origin, origin.template_name, self.engine,
  File "C:\Users\Home\helloworld\hwenv\lib\site-packages\django\template\base.py", line 189, in __init__
    self.nodelist = self.compile_nodelist()
  File "C:\Users\Home\helloworld\hwenv\lib\site-packages\django\template\base.py", line 231, in compile_nodelist
    return parser.parse()
  File "C:\Users\Home\helloworld\hwenv\lib\site-packages\django\template\base.py", line 516, in parse
    raise self.error(token, e)
  File "C:\Users\Home\helloworld\hwenv\lib\site-packages\django\template\base.py", line 514, in parse
    compiled_result = compile_func(self, token)
  File "C:\Users\Home\helloworld\hwenv\lib\site-packages\django\template\defaulttags.py", line 1027, in do_if
    condition = TemplateIfParser(parser, bits).parse()
  File "C:\Users\Home\helloworld\hwenv\lib\site-packages\django\template\defaulttags.py", line 959, in __init__
    super(TemplateIfParser, self).__init__(*args, **kwargs)
  File "C:\Users\Home\helloworld\hwenv\lib\site-packages\django\template\smartif.py", line 168, in __init__
    mapped_tokens.append(self.translate_token(token))
  File "C:\Users\Home\helloworld\hwenv\lib\site-packages\django\template\smartif.py", line 179, in translate_token
    return self.create_var(token)
  File "C:\Users\Home\helloworld\hwenv\lib\site-packages\django\template\defaulttags.py", line 962, in create_var
    return TemplateLiteral(self.template_parser.compile_filter(value), value)
  File "C:\Users\Home\helloworld\hwenv\lib\site-packages\django\template\base.py", line 601, in compile_filter
    return FilterExpression(token, self)
  File "C:\Users\Home\helloworld\hwenv\lib\site-packages\django\template\base.py", line 695, in __init__
    filter_func = parser.find_filter(filter_name)
  File "C:\Users\Home\helloworld\hwenv\lib\site-packages\django\template\base.py", line 607, in find_filter
    raise TemplateSyntaxError("Invalid filter: '%s'" % filter_name)
django.template.exceptions.TemplateSyntaxError: Invalid filter: 'did_like'
ERROR 2016-03-26 12:38:16,147 base 7924 7916 Internal Server Error: /photos/1/
Traceback (most recent call last):
  File "C:\Users\Home\helloworld\hwenv\lib\site-packages\django\template\smartif.py", line 177, in translate_token
    op = OPERATORS[token]
KeyError: 'photo|did_like:request.user'

During handling of the above exception, another exception occurred:

Traceback (most recent call last):
  File "C:\Users\Home\helloworld\hwenv\lib\site-packages\django\core\handlers\base.py", line 149, in get_response
    response = self.process_exception_by_middleware(e, request)
  File "C:\Users\Home\helloworld\hwenv\lib\site-packages\django\core\handlers\base.py", line 147, in get_response
    response = wrapped_callback(request, *callback_args, **callback_kwargs)
  File "C:\Users\Home\helloworld\pystagram\photos\views.py", line 45, in view_photo
    return render(request, 'view_photo.html', ctx)
  File "C:\Users\Home\helloworld\hwenv\lib\site-packages\django\shortcuts.py", line 67, in render
    template_name, context, request=request, using=using)
  File "C:\Users\Home\helloworld\hwenv\lib\site-packages\django\template\loader.py", line 96, in render_to_string
    template = get_template(template_name, using=using)
  File "C:\Users\Home\helloworld\hwenv\lib\site-packages\django\template\loader.py", line 32, in get_template
    return engine.get_template(template_name, dirs)
  File "C:\Users\Home\helloworld\hwenv\lib\site-packages\django\template\backends\django.py", line 40, in get_template
    return Template(self.engine.get_template(template_name, dirs), self)
  File "C:\Users\Home\helloworld\hwenv\lib\site-packages\django\template\engine.py", line 190, in get_template
    template, origin = self.find_template(template_name, dirs)
  File "C:\Users\Home\helloworld\hwenv\lib\site-packages\django\template\engine.py", line 157, in find_template
    name, template_dirs=dirs, skip=skip,
  File "C:\Users\Home\helloworld\hwenv\lib\site-packages\django\template\loaders\base.py", line 46, in get_template
    contents, origin, origin.template_name, self.engine,
  File "C:\Users\Home\helloworld\hwenv\lib\site-packages\django\template\base.py", line 189, in __init__
    self.nodelist = self.compile_nodelist()
  File "C:\Users\Home\helloworld\hwenv\lib\site-packages\django\template\base.py", line 231, in compile_nodelist
    return parser.parse()
  File "C:\Users\Home\helloworld\hwenv\lib\site-packages\django\template\base.py", line 516, in parse
    raise self.error(token, e)
  File "C:\Users\Home\helloworld\hwenv\lib\site-packages\django\template\base.py", line 514, in parse
    compiled_result = compile_func(self, token)
  File "C:\Users\Home\helloworld\hwenv\lib\site-packages\django\template\defaulttags.py", line 1027, in do_if
    condition = TemplateIfParser(parser, bits).parse()
  File "C:\Users\Home\helloworld\hwenv\lib\site-packages\django\template\defaulttags.py", line 959, in __init__
    super(TemplateIfParser, self).__init__(*args, **kwargs)
  File "C:\Users\Home\helloworld\hwenv\lib\site-packages\django\template\smartif.py", line 168, in __init__
    mapped_tokens.append(self.translate_token(token))
  File "C:\Users\Home\helloworld\hwenv\lib\site-packages\django\template\smartif.py", line 179, in translate_token
    return self.create_var(token)
  File "C:\Users\Home\helloworld\hwenv\lib\site-packages\django\template\defaulttags.py", line 962, in create_var
    return TemplateLiteral(self.template_parser.compile_filter(value), value)
  File "C:\Users\Home\helloworld\hwenv\lib\site-packages\django\template\base.py", line 601, in compile_filter
    return FilterExpression(token, self)
  File "C:\Users\Home\helloworld\hwenv\lib\site-packages\django\template\base.py", line 695, in __init__
    filter_func = parser.find_filter(filter_name)
  File "C:\Users\Home\helloworld\hwenv\lib\site-packages\django\template\base.py", line 607, in find_filter
    raise TemplateSyntaxError("Invalid filter: '%s'" % filter_name)
django.template.exceptions.TemplateSyntaxError: Invalid filter: 'did_like'
ERROR 2016-03-26 12:52:00,155 base 7836 7744 Internal Server Error: /photos/1/
Traceback (most recent call last):
  File "C:\Users\Home\helloworld\hwenv\lib\site-packages\django\template\smartif.py", line 177, in translate_token
    op = OPERATORS[token]
KeyError: 'photo|did_like:request.user'

During handling of the above exception, another exception occurred:

Traceback (most recent call last):
  File "C:\Users\Home\helloworld\hwenv\lib\site-packages\django\core\handlers\base.py", line 149, in get_response
    response = self.process_exception_by_middleware(e, request)
  File "C:\Users\Home\helloworld\hwenv\lib\site-packages\django\core\handlers\base.py", line 147, in get_response
    response = wrapped_callback(request, *callback_args, **callback_kwargs)
  File "C:\Users\Home\helloworld\pystagram\photos\views.py", line 45, in view_photo
    return render(request, 'view_photo.html', ctx)
  File "C:\Users\Home\helloworld\hwenv\lib\site-packages\django\shortcuts.py", line 67, in render
    template_name, context, request=request, using=using)
  File "C:\Users\Home\helloworld\hwenv\lib\site-packages\django\template\loader.py", line 96, in render_to_string
    template = get_template(template_name, using=using)
  File "C:\Users\Home\helloworld\hwenv\lib\site-packages\django\template\loader.py", line 32, in get_template
    return engine.get_template(template_name, dirs)
  File "C:\Users\Home\helloworld\hwenv\lib\site-packages\django\template\backends\django.py", line 40, in get_template
    return Template(self.engine.get_template(template_name, dirs), self)
  File "C:\Users\Home\helloworld\hwenv\lib\site-packages\django\template\engine.py", line 190, in get_template
    template, origin = self.find_template(template_name, dirs)
  File "C:\Users\Home\helloworld\hwenv\lib\site-packages\django\template\engine.py", line 157, in find_template
    name, template_dirs=dirs, skip=skip,
  File "C:\Users\Home\helloworld\hwenv\lib\site-packages\django\template\loaders\base.py", line 46, in get_template
    contents, origin, origin.template_name, self.engine,
  File "C:\Users\Home\helloworld\hwenv\lib\site-packages\django\template\base.py", line 189, in __init__
    self.nodelist = self.compile_nodelist()
  File "C:\Users\Home\helloworld\hwenv\lib\site-packages\django\template\base.py", line 231, in compile_nodelist
    return parser.parse()
  File "C:\Users\Home\helloworld\hwenv\lib\site-packages\django\template\base.py", line 516, in parse
    raise self.error(token, e)
  File "C:\Users\Home\helloworld\hwenv\lib\site-packages\django\template\base.py", line 514, in parse
    compiled_result = compile_func(self, token)
  File "C:\Users\Home\helloworld\hwenv\lib\site-packages\django\template\defaulttags.py", line 1027, in do_if
    condition = TemplateIfParser(parser, bits).parse()
  File "C:\Users\Home\helloworld\hwenv\lib\site-packages\django\template\defaulttags.py", line 959, in __init__
    super(TemplateIfParser, self).__init__(*args, **kwargs)
  File "C:\Users\Home\helloworld\hwenv\lib\site-packages\django\template\smartif.py", line 168, in __init__
    mapped_tokens.append(self.translate_token(token))
  File "C:\Users\Home\helloworld\hwenv\lib\site-packages\django\template\smartif.py", line 179, in translate_token
    return self.create_var(token)
  File "C:\Users\Home\helloworld\hwenv\lib\site-packages\django\template\defaulttags.py", line 962, in create_var
    return TemplateLiteral(self.template_parser.compile_filter(value), value)
  File "C:\Users\Home\helloworld\hwenv\lib\site-packages\django\template\base.py", line 601, in compile_filter
    return FilterExpression(token, self)
  File "C:\Users\Home\helloworld\hwenv\lib\site-packages\django\template\base.py", line 695, in __init__
    filter_func = parser.find_filter(filter_name)
  File "C:\Users\Home\helloworld\hwenv\lib\site-packages\django\template\base.py", line 607, in find_filter
    raise TemplateSyntaxError("Invalid filter: '%s'" % filter_name)
django.template.exceptions.TemplateSyntaxError: Invalid filter: 'did_like'
ERROR 2016-03-26 12:56:15,241 base 7836 1388 Internal Server Error: /photos/1/
Traceback (most recent call last):
  File "C:\Users\Home\helloworld\hwenv\lib\site-packages\django\template\smartif.py", line 177, in translate_token
    op = OPERATORS[token]
KeyError: 'photo|did_like:request.user'

During handling of the above exception, another exception occurred:

Traceback (most recent call last):
  File "C:\Users\Home\helloworld\hwenv\lib\site-packages\django\core\handlers\base.py", line 149, in get_response
    response = self.process_exception_by_middleware(e, request)
  File "C:\Users\Home\helloworld\hwenv\lib\site-packages\django\core\handlers\base.py", line 147, in get_response
    response = wrapped_callback(request, *callback_args, **callback_kwargs)
  File "C:\Users\Home\helloworld\pystagram\photos\views.py", line 45, in view_photo
    return render(request, 'view_photo.html', ctx)
  File "C:\Users\Home\helloworld\hwenv\lib\site-packages\django\shortcuts.py", line 67, in render
    template_name, context, request=request, using=using)
  File "C:\Users\Home\helloworld\hwenv\lib\site-packages\django\template\loader.py", line 96, in render_to_string
    template = get_template(template_name, using=using)
  File "C:\Users\Home\helloworld\hwenv\lib\site-packages\django\template\loader.py", line 32, in get_template
    return engine.get_template(template_name, dirs)
  File "C:\Users\Home\helloworld\hwenv\lib\site-packages\django\template\backends\django.py", line 40, in get_template
    return Template(self.engine.get_template(template_name, dirs), self)
  File "C:\Users\Home\helloworld\hwenv\lib\site-packages\django\template\engine.py", line 190, in get_template
    template, origin = self.find_template(template_name, dirs)
  File "C:\Users\Home\helloworld\hwenv\lib\site-packages\django\template\engine.py", line 157, in find_template
    name, template_dirs=dirs, skip=skip,
  File "C:\Users\Home\helloworld\hwenv\lib\site-packages\django\template\loaders\base.py", line 46, in get_template
    contents, origin, origin.template_name, self.engine,
  File "C:\Users\Home\helloworld\hwenv\lib\site-packages\django\template\base.py", line 189, in __init__
    self.nodelist = self.compile_nodelist()
  File "C:\Users\Home\helloworld\hwenv\lib\site-packages\django\template\base.py", line 231, in compile_nodelist
    return parser.parse()
  File "C:\Users\Home\helloworld\hwenv\lib\site-packages\django\template\base.py", line 516, in parse
    raise self.error(token, e)
  File "C:\Users\Home\helloworld\hwenv\lib\site-packages\django\template\base.py", line 514, in parse
    compiled_result = compile_func(self, token)
  File "C:\Users\Home\helloworld\hwenv\lib\site-packages\django\template\defaulttags.py", line 1027, in do_if
    condition = TemplateIfParser(parser, bits).parse()
  File "C:\Users\Home\helloworld\hwenv\lib\site-packages\django\template\defaulttags.py", line 959, in __init__
    super(TemplateIfParser, self).__init__(*args, **kwargs)
  File "C:\Users\Home\helloworld\hwenv\lib\site-packages\django\template\smartif.py", line 168, in __init__
    mapped_tokens.append(self.translate_token(token))
  File "C:\Users\Home\helloworld\hwenv\lib\site-packages\django\template\smartif.py", line 179, in translate_token
    return self.create_var(token)
  File "C:\Users\Home\helloworld\hwenv\lib\site-packages\django\template\defaulttags.py", line 962, in create_var
    return TemplateLiteral(self.template_parser.compile_filter(value), value)
  File "C:\Users\Home\helloworld\hwenv\lib\site-packages\django\template\base.py", line 601, in compile_filter
    return FilterExpression(token, self)
  File "C:\Users\Home\helloworld\hwenv\lib\site-packages\django\template\base.py", line 695, in __init__
    filter_func = parser.find_filter(filter_name)
  File "C:\Users\Home\helloworld\hwenv\lib\site-packages\django\template\base.py", line 607, in find_filter
    raise TemplateSyntaxError("Invalid filter: '%s'" % filter_name)
django.template.exceptions.TemplateSyntaxError: Invalid filter: 'did_like'
ERROR 2016-03-26 12:56:17,562 base 7836 1704 Internal Server Error: /photos/1/
Traceback (most recent call last):
  File "C:\Users\Home\helloworld\hwenv\lib\site-packages\django\template\smartif.py", line 177, in translate_token
    op = OPERATORS[token]
KeyError: 'photo|did_like:request.user'

During handling of the above exception, another exception occurred:

Traceback (most recent call last):
  File "C:\Users\Home\helloworld\hwenv\lib\site-packages\django\core\handlers\base.py", line 149, in get_response
    response = self.process_exception_by_middleware(e, request)
  File "C:\Users\Home\helloworld\hwenv\lib\site-packages\django\core\handlers\base.py", line 147, in get_response
    response = wrapped_callback(request, *callback_args, **callback_kwargs)
  File "C:\Users\Home\helloworld\pystagram\photos\views.py", line 45, in view_photo
    return render(request, 'view_photo.html', ctx)
  File "C:\Users\Home\helloworld\hwenv\lib\site-packages\django\shortcuts.py", line 67, in render
    template_name, context, request=request, using=using)
  File "C:\Users\Home\helloworld\hwenv\lib\site-packages\django\template\loader.py", line 96, in render_to_string
    template = get_template(template_name, using=using)
  File "C:\Users\Home\helloworld\hwenv\lib\site-packages\django\template\loader.py", line 32, in get_template
    return engine.get_template(template_name, dirs)
  File "C:\Users\Home\helloworld\hwenv\lib\site-packages\django\template\backends\django.py", line 40, in get_template
    return Template(self.engine.get_template(template_name, dirs), self)
  File "C:\Users\Home\helloworld\hwenv\lib\site-packages\django\template\engine.py", line 190, in get_template
    template, origin = self.find_template(template_name, dirs)
  File "C:\Users\Home\helloworld\hwenv\lib\site-packages\django\template\engine.py", line 157, in find_template
    name, template_dirs=dirs, skip=skip,
  File "C:\Users\Home\helloworld\hwenv\lib\site-packages\django\template\loaders\base.py", line 46, in get_template
    contents, origin, origin.template_name, self.engine,
  File "C:\Users\Home\helloworld\hwenv\lib\site-packages\django\template\base.py", line 189, in __init__
    self.nodelist = self.compile_nodelist()
  File "C:\Users\Home\helloworld\hwenv\lib\site-packages\django\template\base.py", line 231, in compile_nodelist
    return parser.parse()
  File "C:\Users\Home\helloworld\hwenv\lib\site-packages\django\template\base.py", line 516, in parse
    raise self.error(token, e)
  File "C:\Users\Home\helloworld\hwenv\lib\site-packages\django\template\base.py", line 514, in parse
    compiled_result = compile_func(self, token)
  File "C:\Users\Home\helloworld\hwenv\lib\site-packages\django\template\defaulttags.py", line 1027, in do_if
    condition = TemplateIfParser(parser, bits).parse()
  File "C:\Users\Home\helloworld\hwenv\lib\site-packages\django\template\defaulttags.py", line 959, in __init__
    super(TemplateIfParser, self).__init__(*args, **kwargs)
  File "C:\Users\Home\helloworld\hwenv\lib\site-packages\django\template\smartif.py", line 168, in __init__
    mapped_tokens.append(self.translate_token(token))
  File "C:\Users\Home\helloworld\hwenv\lib\site-packages\django\template\smartif.py", line 179, in translate_token
    return self.create_var(token)
  File "C:\Users\Home\helloworld\hwenv\lib\site-packages\django\template\defaulttags.py", line 962, in create_var
    return TemplateLiteral(self.template_parser.compile_filter(value), value)
  File "C:\Users\Home\helloworld\hwenv\lib\site-packages\django\template\base.py", line 601, in compile_filter
    return FilterExpression(token, self)
  File "C:\Users\Home\helloworld\hwenv\lib\site-packages\django\template\base.py", line 695, in __init__
    filter_func = parser.find_filter(filter_name)
  File "C:\Users\Home\helloworld\hwenv\lib\site-packages\django\template\base.py", line 607, in find_filter
    raise TemplateSyntaxError("Invalid filter: '%s'" % filter_name)
django.template.exceptions.TemplateSyntaxError: Invalid filter: 'did_like'
ERROR 2016-03-26 12:56:44,877 base 8028 6028 Internal Server Error: /photos/1/
Traceback (most recent call last):
  File "C:\Users\Home\helloworld\hwenv\lib\site-packages\django\template\smartif.py", line 177, in translate_token
    op = OPERATORS[token]
KeyError: 'photo|did_like:request.user'

During handling of the above exception, another exception occurred:

Traceback (most recent call last):
  File "C:\Users\Home\helloworld\hwenv\lib\site-packages\django\core\handlers\base.py", line 149, in get_response
    response = self.process_exception_by_middleware(e, request)
  File "C:\Users\Home\helloworld\hwenv\lib\site-packages\django\core\handlers\base.py", line 147, in get_response
    response = wrapped_callback(request, *callback_args, **callback_kwargs)
  File "C:\Users\Home\helloworld\pystagram\photos\views.py", line 45, in view_photo
    return render(request, 'view_photo.html', ctx)
  File "C:\Users\Home\helloworld\hwenv\lib\site-packages\django\shortcuts.py", line 67, in render
    template_name, context, request=request, using=using)
  File "C:\Users\Home\helloworld\hwenv\lib\site-packages\django\template\loader.py", line 96, in render_to_string
    template = get_template(template_name, using=using)
  File "C:\Users\Home\helloworld\hwenv\lib\site-packages\django\template\loader.py", line 32, in get_template
    return engine.get_template(template_name, dirs)
  File "C:\Users\Home\helloworld\hwenv\lib\site-packages\django\template\backends\django.py", line 40, in get_template
    return Template(self.engine.get_template(template_name, dirs), self)
  File "C:\Users\Home\helloworld\hwenv\lib\site-packages\django\template\engine.py", line 190, in get_template
    template, origin = self.find_template(template_name, dirs)
  File "C:\Users\Home\helloworld\hwenv\lib\site-packages\django\template\engine.py", line 157, in find_template
    name, template_dirs=dirs, skip=skip,
  File "C:\Users\Home\helloworld\hwenv\lib\site-packages\django\template\loaders\base.py", line 46, in get_template
    contents, origin, origin.template_name, self.engine,
  File "C:\Users\Home\helloworld\hwenv\lib\site-packages\django\template\base.py", line 189, in __init__
    self.nodelist = self.compile_nodelist()
  File "C:\Users\Home\helloworld\hwenv\lib\site-packages\django\template\base.py", line 231, in compile_nodelist
    return parser.parse()
  File "C:\Users\Home\helloworld\hwenv\lib\site-packages\django\template\base.py", line 516, in parse
    raise self.error(token, e)
  File "C:\Users\Home\helloworld\hwenv\lib\site-packages\django\template\base.py", line 514, in parse
    compiled_result = compile_func(self, token)
  File "C:\Users\Home\helloworld\hwenv\lib\site-packages\django\template\defaulttags.py", line 1027, in do_if
    condition = TemplateIfParser(parser, bits).parse()
  File "C:\Users\Home\helloworld\hwenv\lib\site-packages\django\template\defaulttags.py", line 959, in __init__
    super(TemplateIfParser, self).__init__(*args, **kwargs)
  File "C:\Users\Home\helloworld\hwenv\lib\site-packages\django\template\smartif.py", line 168, in __init__
    mapped_tokens.append(self.translate_token(token))
  File "C:\Users\Home\helloworld\hwenv\lib\site-packages\django\template\smartif.py", line 179, in translate_token
    return self.create_var(token)
  File "C:\Users\Home\helloworld\hwenv\lib\site-packages\django\template\defaulttags.py", line 962, in create_var
    return TemplateLiteral(self.template_parser.compile_filter(value), value)
  File "C:\Users\Home\helloworld\hwenv\lib\site-packages\django\template\base.py", line 601, in compile_filter
    return FilterExpression(token, self)
  File "C:\Users\Home\helloworld\hwenv\lib\site-packages\django\template\base.py", line 695, in __init__
    filter_func = parser.find_filter(filter_name)
  File "C:\Users\Home\helloworld\hwenv\lib\site-packages\django\template\base.py", line 607, in find_filter
    raise TemplateSyntaxError("Invalid filter: '%s'" % filter_name)
django.template.exceptions.TemplateSyntaxError: Invalid filter: 'did_like'
WARNING 2016-03-26 12:56:48,011 base 8028 4940 Not Found: /photos21/
ERROR 2016-03-26 12:56:54,868 base 8028 7880 Internal Server Error: /photos/2/
Traceback (most recent call last):
  File "C:\Users\Home\helloworld\hwenv\lib\site-packages\django\template\smartif.py", line 177, in translate_token
    op = OPERATORS[token]
KeyError: 'photo|did_like:request.user'

During handling of the above exception, another exception occurred:

Traceback (most recent call last):
  File "C:\Users\Home\helloworld\hwenv\lib\site-packages\django\core\handlers\base.py", line 149, in get_response
    response = self.process_exception_by_middleware(e, request)
  File "C:\Users\Home\helloworld\hwenv\lib\site-packages\django\core\handlers\base.py", line 147, in get_response
    response = wrapped_callback(request, *callback_args, **callback_kwargs)
  File "C:\Users\Home\helloworld\pystagram\photos\views.py", line 45, in view_photo
    return render(request, 'view_photo.html', ctx)
  File "C:\Users\Home\helloworld\hwenv\lib\site-packages\django\shortcuts.py", line 67, in render
    template_name, context, request=request, using=using)
  File "C:\Users\Home\helloworld\hwenv\lib\site-packages\django\template\loader.py", line 96, in render_to_string
    template = get_template(template_name, using=using)
  File "C:\Users\Home\helloworld\hwenv\lib\site-packages\django\template\loader.py", line 32, in get_template
    return engine.get_template(template_name, dirs)
  File "C:\Users\Home\helloworld\hwenv\lib\site-packages\django\template\backends\django.py", line 40, in get_template
    return Template(self.engine.get_template(template_name, dirs), self)
  File "C:\Users\Home\helloworld\hwenv\lib\site-packages\django\template\engine.py", line 190, in get_template
    template, origin = self.find_template(template_name, dirs)
  File "C:\Users\Home\helloworld\hwenv\lib\site-packages\django\template\engine.py", line 157, in find_template
    name, template_dirs=dirs, skip=skip,
  File "C:\Users\Home\helloworld\hwenv\lib\site-packages\django\template\loaders\base.py", line 46, in get_template
    contents, origin, origin.template_name, self.engine,
  File "C:\Users\Home\helloworld\hwenv\lib\site-packages\django\template\base.py", line 189, in __init__
    self.nodelist = self.compile_nodelist()
  File "C:\Users\Home\helloworld\hwenv\lib\site-packages\django\template\base.py", line 231, in compile_nodelist
    return parser.parse()
  File "C:\Users\Home\helloworld\hwenv\lib\site-packages\django\template\base.py", line 516, in parse
    raise self.error(token, e)
  File "C:\Users\Home\helloworld\hwenv\lib\site-packages\django\template\base.py", line 514, in parse
    compiled_result = compile_func(self, token)
  File "C:\Users\Home\helloworld\hwenv\lib\site-packages\django\template\defaulttags.py", line 1027, in do_if
    condition = TemplateIfParser(parser, bits).parse()
  File "C:\Users\Home\helloworld\hwenv\lib\site-packages\django\template\defaulttags.py", line 959, in __init__
    super(TemplateIfParser, self).__init__(*args, **kwargs)
  File "C:\Users\Home\helloworld\hwenv\lib\site-packages\django\template\smartif.py", line 168, in __init__
    mapped_tokens.append(self.translate_token(token))
  File "C:\Users\Home\helloworld\hwenv\lib\site-packages\django\template\smartif.py", line 179, in translate_token
    return self.create_var(token)
  File "C:\Users\Home\helloworld\hwenv\lib\site-packages\django\template\defaulttags.py", line 962, in create_var
    return TemplateLiteral(self.template_parser.compile_filter(value), value)
  File "C:\Users\Home\helloworld\hwenv\lib\site-packages\django\template\base.py", line 601, in compile_filter
    return FilterExpression(token, self)
  File "C:\Users\Home\helloworld\hwenv\lib\site-packages\django\template\base.py", line 695, in __init__
    filter_func = parser.find_filter(filter_name)
  File "C:\Users\Home\helloworld\hwenv\lib\site-packages\django\template\base.py", line 607, in find_filter
    raise TemplateSyntaxError("Invalid filter: '%s'" % filter_name)
django.template.exceptions.TemplateSyntaxError: Invalid filter: 'did_like'
WARNING 2016-03-26 13:28:12,577 base 7272 6732 Not Found: /restapi
ERROR 2016-03-26 13:28:43,381 base 7272 8744 Internal Server Error: /restapi/
Traceback (most recent call last):
  File "C:\Users\Home\helloworld\hwenv\lib\site-packages\django\db\backends\utils.py", line 64, in execute
    return self.cursor.execute(sql, params)
  File "C:\Users\Home\helloworld\hwenv\lib\site-packages\django\db\backends\sqlite3\base.py", line 323, in execute
    return Database.Cursor.execute(self, query, params)
sqlite3.IntegrityError: NOT NULL constraint failed: photos_photo.user_id

The above exception was the direct cause of the following exception:

Traceback (most recent call last):
  File "C:\Users\Home\helloworld\hwenv\lib\site-packages\django\core\handlers\base.py", line 149, in get_response
    response = self.process_exception_by_middleware(e, request)
  File "C:\Users\Home\helloworld\hwenv\lib\site-packages\django\core\handlers\base.py", line 147, in get_response
    response = wrapped_callback(request, *callback_args, **callback_kwargs)
  File "C:\Users\Home\helloworld\hwenv\lib\site-packages\django\views\decorators\csrf.py", line 58, in wrapped_view
    return view_func(*args, **kwargs)
  File "C:\Users\Home\helloworld\hwenv\lib\site-packages\rest_framework\viewsets.py", line 87, in view
    return self.dispatch(request, *args, **kwargs)
  File "C:\Users\Home\helloworld\hwenv\lib\site-packages\rest_framework\views.py", line 466, in dispatch
    response = self.handle_exception(exc)
  File "C:\Users\Home\helloworld\hwenv\lib\site-packages\rest_framework\views.py", line 463, in dispatch
    response = handler(request, *args, **kwargs)
  File "C:\Users\Home\helloworld\hwenv\lib\site-packages\rest_framework\mixins.py", line 21, in create
    self.perform_create(serializer)
  File "C:\Users\Home\helloworld\hwenv\lib\site-packages\rest_framework\mixins.py", line 26, in perform_create
    serializer.save()
  File "C:\Users\Home\helloworld\hwenv\lib\site-packages\rest_framework\serializers.py", line 191, in save
    self.instance = self.create(validated_data)
  File "C:\Users\Home\helloworld\hwenv\lib\site-packages\rest_framework\serializers.py", line 846, in create
    instance = ModelClass.objects.create(**validated_data)
  File "C:\Users\Home\helloworld\hwenv\lib\site-packages\django\db\models\manager.py", line 122, in manager_method
    return getattr(self.get_queryset(), name)(*args, **kwargs)
  File "C:\Users\Home\helloworld\hwenv\lib\site-packages\django\db\models\query.py", line 401, in create
    obj.save(force_insert=True, using=self.db)
  File "C:\Users\Home\helloworld\hwenv\lib\site-packages\django\db\models\base.py", line 700, in save
    force_update=force_update, update_fields=update_fields)
  File "C:\Users\Home\helloworld\hwenv\lib\site-packages\django\db\models\base.py", line 728, in save_base
    updated = self._save_table(raw, cls, force_insert, force_update, using, update_fields)
  File "C:\Users\Home\helloworld\hwenv\lib\site-packages\django\db\models\base.py", line 812, in _save_table
    result = self._do_insert(cls._base_manager, using, fields, update_pk, raw)
  File "C:\Users\Home\helloworld\hwenv\lib\site-packages\django\db\models\base.py", line 851, in _do_insert
    using=using, raw=raw)
  File "C:\Users\Home\helloworld\hwenv\lib\site-packages\django\db\models\manager.py", line 122, in manager_method
    return getattr(self.get_queryset(), name)(*args, **kwargs)
  File "C:\Users\Home\helloworld\hwenv\lib\site-packages\django\db\models\query.py", line 1039, in _insert
    return query.get_compiler(using=using).execute_sql(return_id)
  File "C:\Users\Home\helloworld\hwenv\lib\site-packages\django\db\models\sql\compiler.py", line 1060, in execute_sql
    cursor.execute(sql, params)
  File "C:\Users\Home\helloworld\hwenv\lib\site-packages\django\db\backends\utils.py", line 79, in execute
    return super(CursorDebugWrapper, self).execute(sql, params)
  File "C:\Users\Home\helloworld\hwenv\lib\site-packages\django\db\backends\utils.py", line 64, in execute
    return self.cursor.execute(sql, params)
  File "C:\Users\Home\helloworld\hwenv\lib\site-packages\django\db\utils.py", line 95, in __exit__
    six.reraise(dj_exc_type, dj_exc_value, traceback)
  File "C:\Users\Home\helloworld\hwenv\lib\site-packages\django\utils\six.py", line 685, in reraise
    raise value.with_traceback(tb)
  File "C:\Users\Home\helloworld\hwenv\lib\site-packages\django\db\backends\utils.py", line 64, in execute
    return self.cursor.execute(sql, params)
  File "C:\Users\Home\helloworld\hwenv\lib\site-packages\django\db\backends\sqlite3\base.py", line 323, in execute
    return Database.Cursor.execute(self, query, params)
django.db.utils.IntegrityError: NOT NULL constraint failed: photos_photo.user_id
